<?xml version="1.0" encoding="UTF-8"?>
<!-- Generated by org.testng.reporters.JUnitReportReporter -->
<testsuite skipped="0" hostname="DESKTOP-BBQ181V" name="com.training.sanity.tests.TC05_AddCategories" tests="1" failures="0" timestamp="29 Nov 2019 08:28:07 GMT" time="59.949" errors="0">
  <testcase name="CategoriesAdditionTest" time="59.949" classname="com.training.sanity.tests.TC05_AddCategories"/>
</testsuite> <!-- com.training.sanity.tests.TC05_AddCategories -->
