<?xml version="1.0" encoding="UTF-8"?>
<!-- Generated by org.testng.reporters.JUnitReportReporter -->
<testsuite skipped="0" hostname="DESKTOP-BBQ181V" name="com.training.sanity.tests.TC06_EditMetaTagTittleTest" tests="1" failures="0" timestamp="30 Nov 2019 07:12:15 GMT" time="61.656" errors="0">
  <testcase name="MetaTagEditTest" time="61.656" classname="com.training.sanity.tests.TC06_EditMetaTagTittleTest"/>
</testsuite> <!-- com.training.sanity.tests.TC06_EditMetaTagTittleTest -->
