<?xml version="1.0" encoding="UTF-8"?>
<!-- Generated by org.testng.reporters.JUnitReportReporter -->
<testsuite skipped="0" hostname="DESKTOP-BBQ181V" name="com.training.sanity.tests.TC05_AddCategoriesTest" tests="1" failures="0" timestamp="30 Nov 2019 06:51:37 GMT" time="66.632" errors="0">
  <testcase name="CategoriesAdditionTest" time="66.632" classname="com.training.sanity.tests.TC05_AddCategoriesTest"/>
</testsuite> <!-- com.training.sanity.tests.TC05_AddCategoriesTest -->
