<?xml version="1.0" encoding="UTF-8"?>
<!-- Generated by org.testng.reporters.JUnitReportReporter -->
<testsuite skipped="0" hostname="DESKTOP-BBQ181V" name="com.training.sanity.tests.ProductAdditionTest" tests="1" failures="0" timestamp="27 Nov 2019 11:58:28 GMT" time="99.159" errors="0">
  <testcase name="productAddition" time="99.159" classname="com.training.sanity.tests.ProductAdditionTest"/>
</testsuite> <!-- com.training.sanity.tests.ProductAdditionTest -->
