<?xml version="1.0" encoding="UTF-8"?>
<!-- Generated by org.testng.reporters.JUnitReportReporter -->
<testsuite skipped="0" hostname="DESKTOP-BBQ181V" name="com.training.sanity.tests.TC06_InvalidCredentialTest" tests="1" failures="0" timestamp="28 Nov 2019 18:21:29 GMT" time="14.275" errors="0">
  <testcase name="InvalidCredentialTest" time="14.275" classname="com.training.sanity.tests.TC06_InvalidCredentialTest"/>
</testsuite> <!-- com.training.sanity.tests.TC06_InvalidCredentialTest -->
