<?xml version="1.0" encoding="UTF-8"?>
<!-- Generated by org.testng.reporters.JUnitReportReporter -->
<testsuite skipped="0" hostname="DESKTOP-BBQ181V" name="com.training.regression.tests.TC04_InvalidCredentialsDiffDataTest" tests="4" failures="0" timestamp="30 Nov 2019 07:24:21 GMT" time="47.676" errors="0">
  <testcase name="invalidCredentialsTest" time="13.386" classname="com.training.regression.tests.TC04_InvalidCredentialsDiffDataTest"/>
  <testcase name="invalidCredentialsTest" time="11.105" classname="com.training.regression.tests.TC04_InvalidCredentialsDiffDataTest"/>
  <testcase name="invalidCredentialsTest" time="11.877" classname="com.training.regression.tests.TC04_InvalidCredentialsDiffDataTest"/>
  <testcase name="invalidCredentialsTest" time="11.308" classname="com.training.regression.tests.TC04_InvalidCredentialsDiffDataTest"/>
</testsuite> <!-- com.training.regression.tests.TC04_InvalidCredentialsDiffDataTest -->
