<?xml version="1.0" encoding="UTF-8"?>
<!-- Generated by org.testng.reporters.JUnitReportReporter -->
<testsuite skipped="0" hostname="DESKTOP-BBQ181V" name="com.training.regression.tests.InvalidCredentialsTest" tests="4" failures="0" timestamp="29 Nov 2019 19:54:14 GMT" time="46.641" errors="0">
  <testcase name="invalidCredentialsTest" time="13.659" classname="com.training.regression.tests.InvalidCredentialsTest"/>
  <testcase name="invalidCredentialsTest" time="11.239" classname="com.training.regression.tests.InvalidCredentialsTest"/>
  <testcase name="invalidCredentialsTest" time="10.855" classname="com.training.regression.tests.InvalidCredentialsTest"/>
  <testcase name="invalidCredentialsTest" time="10.888" classname="com.training.regression.tests.InvalidCredentialsTest"/>
</testsuite> <!-- com.training.regression.tests.InvalidCredentialsTest -->
