<?xml version="1.0" encoding="UTF-8"?>
<!-- Generated by org.testng.reporters.JUnitReportReporter -->
<testsuite skipped="0" hostname="DESKTOP-BBQ181V" name="com.training.sanity.tests.TC02_ProductAdditionTest" tests="1" failures="0" timestamp="28 Nov 2019 11:55:16 GMT" time="73.653" errors="0">
  <testcase name="productAddition" time="73.653" classname="com.training.sanity.tests.TC02_ProductAdditionTest"/>
</testsuite> <!-- com.training.sanity.tests.TC02_ProductAdditionTest -->
